Using pre-set license
Built from '2022.3/staging' branch; Version is '2022.3.22f1 (887be4894c44) revision 8944612'; Using compiler version '192829333'; Build Type 'Release'
OS: 'Windows 11  (10.0.22631) 64bit Professional' Language: 'en' Physical Memory: 16300 MB
BatchMode: 1, IsHumanControllingUs: 0, StartBugReporterOnCrash: 0, Is64bit: 1, IsPro: 1

COMMAND LINE ARGUMENTS:
C:\Program Files\Unity\Hub\Editor\2022.3.22f1\Editor\Unity.exe
-adb2
-batchMode
-noUpm
-name
AssetImportWorker2
-projectPath
C:/Users/hiali/Documents/GitHub/Rob-the-Bank
-logFile
Logs/AssetImportWorker2.log
-srvPort
60205
Successfully changed project path to: C:/Users/hiali/Documents/GitHub/Rob-the-Bank
C:/Users/hiali/Documents/GitHub/Rob-the-Bank
[UnityMemory] Configuration Parameters - Can be set up in boot.config
    "memorysetup-bucket-allocator-granularity=16"
    "memorysetup-bucket-allocator-bucket-count=8"
    "memorysetup-bucket-allocator-block-size=33554432"
    "memorysetup-bucket-allocator-block-count=8"
    "memorysetup-main-allocator-block-size=16777216"
    "memorysetup-thread-allocator-block-size=16777216"
    "memorysetup-gfx-main-allocator-block-size=16777216"
    "memorysetup-gfx-thread-allocator-block-size=16777216"
    "memorysetup-cache-allocator-block-size=4194304"
    "memorysetup-typetree-allocator-block-size=2097152"
    "memorysetup-profiler-bucket-allocator-granularity=16"
    "memorysetup-profiler-bucket-allocator-bucket-count=8"
    "memorysetup-profiler-bucket-allocator-block-size=33554432"
    "memorysetup-profiler-bucket-allocator-block-count=8"
    "memorysetup-profiler-allocator-block-size=16777216"
    "memorysetup-profiler-editor-allocator-block-size=1048576"
    "memorysetup-temp-allocator-size-main=16777216"
    "memorysetup-job-temp-allocator-block-size=2097152"
    "memorysetup-job-temp-allocator-block-size-background=1048576"
    "memorysetup-job-temp-allocator-reduction-small-platforms=262144"
    "memorysetup-allocator-temp-initial-block-size-main=262144"
    "memorysetup-allocator-temp-initial-block-size-worker=262144"
    "memorysetup-temp-allocator-size-background-worker=32768"
    "memorysetup-temp-allocator-size-job-worker=262144"
    "memorysetup-temp-allocator-size-preload-manager=33554432"
    "memorysetup-temp-allocator-size-nav-mesh-worker=65536"
    "memorysetup-temp-allocator-size-audio-worker=65536"
    "memorysetup-temp-allocator-size-cloud-worker=32768"
    "memorysetup-temp-allocator-size-gi-baking-worker=262144"
    "memorysetup-temp-allocator-size-gfx=262144"
Player connection [11920] Host "[IP] 0.0.0.0 [Port] 0 [Flags] 2 [Guid] 3300994102 [EditorId] 3300994102 [Version] 1048832 [Id] WindowsEditor(7,Ali) [Debug] 1 [PackageName] WindowsEditor [ProjectName] Editor" joined multi-casting on [225.0.0.222:54997]...

Player connection [11920] Host "[IP] 0.0.0.0 [Port] 0 [Flags] 2 [Guid] 3300994102 [EditorId] 3300994102 [Version] 1048832 [Id] WindowsEditor(7,Ali) [Debug] 1 [PackageName] WindowsEditor [ProjectName] Editor" joined alternative multi-casting on [225.0.0.222:34997]...

[Physics::Module] Initialized MultithreadedJobDispatcher with 7 workers.
Refreshing native plugins compatible for Editor in 5757.06 ms, found 3 plugins.
Preloading 0 native plugins for Editor in 0.00 ms.
Initialize engine version: 2022.3.22f1 (887be4894c44)
[Subsystems] Discovering subsystems at path C:/Program Files/Unity/Hub/Editor/2022.3.22f1/Editor/Data/Resources/UnitySubsystems
[Subsystems] Discovering subsystems at path C:/Users/hiali/Documents/GitHub/Rob-the-Bank/Assets
GfxDevice: creating device client; threaded=0; jobified=0
Direct3D:
    Version:  Direct3D 11.0 [level 11.1]
    Renderer: Intel(R) UHD Graphics 620 (ID=0x5917)
    Vendor:   Intel
    VRAM:     8150 MB
    Driver:   27.20.100.8681
Initialize mono
Mono path[0] = 'C:/Program Files/Unity/Hub/Editor/2022.3.22f1/Editor/Data/Managed'
Mono path[1] = 'C:/Program Files/Unity/Hub/Editor/2022.3.22f1/Editor/Data/MonoBleedingEdge/lib/mono/unityjit-win32'
Mono config path = 'C:/Program Files/Unity/Hub/Editor/2022.3.22f1/Editor/Data/MonoBleedingEdge/etc'
Using monoOptions --debugger-agent=transport=dt_socket,embedding=1,server=y,suspend=n,address=127.0.0.1:56416
Begin MonoManager ReloadAssembly
Registering precompiled unity dll's ...
Register platform support module: C:/Program Files/Unity/Hub/Editor/2022.3.22f1/Editor/Data/PlaybackEngines/WebGLSupport/UnityEditor.WebGL.Extensions.dll
Register platform support module: C:/Program Files/Unity/Hub/Editor/2022.3.22f1/Editor/Data/PlaybackEngines/WindowsStandaloneSupport/UnityEditor.WindowsStandalone.Extensions.dll
Register platform support module: C:/Program Files/Unity/Hub/Editor/2022.3.22f1/Editor/Data/PlaybackEngines/MetroSupport/UnityEditor.UWP.Extensions.dll
Registered in 1.620606 seconds.
- Loaded All Assemblies, in 19.763 seconds
Native extension for UWP target not found
Native extension for WindowsStandalone target not found
Native extension for WebGL target not found
Mono: successfully reloaded assembly
- Finished resetting the current domain, in  0.660 seconds
Domain Reload Profiling: 20419ms
	BeginReloadAssembly (13269ms)
		ExecutionOrderSort (0ms)
		DisableScriptedObjects (0ms)
		BackupInstance (0ms)
		ReleaseScriptingObjects (0ms)
		CreateAndSetChildDomain (1ms)
	RebuildCommonClasses (1820ms)
	RebuildNativeTypeToScriptingClass (38ms)
	initialDomainReloadingComplete (1764ms)
	LoadAllAssembliesAndSetupDomain (2867ms)
		LoadAssemblies (13267ms)
		RebuildTransferFunctionScriptingTraits (0ms)
		AnalyzeDomain (2862ms)
			TypeCache.Refresh (2860ms)
				TypeCache.ScanAssembly (2228ms)
			ScanForSourceGeneratedMonoScriptInfo (1ms)
			ResolveRequiredComponents (1ms)
	FinalizeReload (661ms)
		ReleaseScriptCaches (0ms)
		RebuildScriptCaches (0ms)
		SetupLoadedEditorAssemblies (525ms)
			LogAssemblyErrors (0ms)
			InitializePlatformSupportModulesInManaged (30ms)
			SetLoadedEditorAssemblies (13ms)
			RefreshPlugins (0ms)
			BeforeProcessingInitializeOnLoad (4ms)
			ProcessInitializeOnLoadAttributes (356ms)
			ProcessInitializeOnLoadMethodAttributes (122ms)
			AfterProcessingInitializeOnLoad (0ms)
			EditorAssembliesLoaded (0ms)
		ExecutionOrderSort2 (0ms)
		AwakeInstancesAfterBackupRestoration (0ms)
========================================================================
Worker process is ready to serve import requests
Begin MonoManager ReloadAssembly
- Loaded All Assemblies, in  8.304 seconds
Refreshing native plugins compatible for Editor in 10.89 ms, found 3 plugins.
Native extension for UWP target not found
Native extension for WindowsStandalone target not found
Native extension for WebGL target not found
Package Manager log level set to [2]
[Package Manager] Server::EnsureServerProcessIsRunning -- launch failed, reason: Unity was launched with the -noUpm command-line argument
[Package Manager] UpmClient::Send -- Unable to send message (not connected to UPM process).
[Package Manager] Cannot connect to Unity Package Manager local server
Mono: successfully reloaded assembly
- Finished resetting the current domain, in  1.433 seconds
Domain Reload Profiling: 9733ms
	BeginReloadAssembly (282ms)
		ExecutionOrderSort (0ms)
		DisableScriptedObjects (12ms)
		BackupInstance (0ms)
		ReleaseScriptingObjects (0ms)
		CreateAndSetChildDomain (41ms)
	RebuildCommonClasses (59ms)
	RebuildNativeTypeToScriptingClass (21ms)
	initialDomainReloadingComplete (80ms)
	LoadAllAssembliesAndSetupDomain (7858ms)
		LoadAssemblies (6314ms)
		RebuildTransferFunctionScriptingTraits (0ms)
		AnalyzeDomain (1710ms)
			TypeCache.Refresh (1666ms)
				TypeCache.ScanAssembly (1521ms)
			ScanForSourceGeneratedMonoScriptInfo (32ms)
			ResolveRequiredComponents (10ms)
	FinalizeReload (1434ms)
		ReleaseScriptCaches (0ms)
		RebuildScriptCaches (0ms)
		SetupLoadedEditorAssemblies (994ms)
			LogAssemblyErrors (0ms)
			InitializePlatformSupportModulesInManaged (18ms)
			SetLoadedEditorAssemblies (15ms)
			RefreshPlugins (0ms)
			BeforeProcessingInitializeOnLoad (134ms)
			ProcessInitializeOnLoadAttributes (760ms)
			ProcessInitializeOnLoadMethodAttributes (52ms)
			AfterProcessingInitializeOnLoad (14ms)
			EditorAssembliesLoaded (0ms)
		ExecutionOrderSort2 (0ms)
		AwakeInstancesAfterBackupRestoration (16ms)
Launched and connected shader compiler UnityShaderCompiler.exe after 0.18 seconds
Refreshing native plugins compatible for Editor in 5.81 ms, found 3 plugins.
Preloading 0 native plugins for Editor in 0.00 ms.
Unloading 3138 Unused Serialized files (Serialized files now loaded: 0)
Unloading 32 unused Assets / (57.4 KB). Loaded Objects now: 3599.
Memory consumption went from 122.0 MB to 121.9 MB.
Total: 4.081900 ms (FindLiveObjects: 0.327900 ms CreateObjectMapping: 0.228100 ms MarkObjects: 3.398700 ms  DeleteObjects: 0.126100 ms)

AssetImportParameters requested are different than current active one (requested -> active):
  custom:container-demuxer-ogg: 62fdf1f143b41e24485cea50d1cbac27 -> 
  custom:video-codec-MediaFoundation-h265: 746d11721c4dcdbdad8f713fa42b33f4 -> 
  custom:video-decoder-ogg-theora: a1e56fd34408186e4bbccfd4996cb3dc -> 
  custom:framework-win-MediaFoundation: 216162199b28c13a410421893ffa2e32 -> 
  custom:CustomObjectIndexerAttribute: 9a22284fe3817be447336de3de66b15e -> 
  custom:container-demuxer-webm: 4f35f7cbe854078d1ac9338744f61a02 -> 
  custom:container-muxer-webm: aa71ff27fc2769a1b78a27578f13a17b -> 
  custom:video-decoder-webm-vp8: 9c59270c3fd7afecdb556c50c9e8de78 -> 
  custom:SearchIndexIgnoredProperties: e643bd26f0fe6173181afceb89e7c659 -> 
  custom:AudioImporter_EditorPlatform: d09bf68614088b80899f8185d706f6e7 -> 
  custom:video-encoder-webm-vp8: eb34c28f22e8b96e1ab97ce403110664 -> 
  custom:audio-decoder-ogg-vorbis: bf7c407c2cedff20999df2af8eb42d56 -> 
  custom:audio-encoder-webm-vorbis: bf7c407c2cedff20999df2af8eb42d56 -> 
========================================================================
Received Import Request.
  Time since last request: 275057.721560 seconds.
  path: Assets/MohammedAlomran/character/uploads_files_3968977_Textures
  artifactKey: Guid(9016ffa58138a82419d1b930834106cf) Importer(815301076,1909f56bfc062723c751e8b465ee728b)
Start importing Assets/MohammedAlomran/character/uploads_files_3968977_Textures using Guid(9016ffa58138a82419d1b930834106cf) Importer(815301076,1909f56bfc062723c751e8b465ee728b)  -> (artifact id: 'c2180002403700ff0fc1d5f2b9d4f6de') in 0.005954 seconds
Number of updated asset objects reloaded before import = 0
Number of asset objects unloaded after import = 0
========================================================================
Received Import Request.
  Time since last request: 0.939690 seconds.
  path: Assets/MohammedAlomran/character/uploads_files_3968977_Textures/Textures
  artifactKey: Guid(90bf4373a242ee148bdcc441df0f499b) Importer(815301076,1909f56bfc062723c751e8b465ee728b)
Start importing Assets/MohammedAlomran/character/uploads_files_3968977_Textures/Textures using Guid(90bf4373a242ee148bdcc441df0f499b) Importer(815301076,1909f56bfc062723c751e8b465ee728b)  -> (artifact id: 'ec12e6ec66aa84aa4f7ddeea1ed09f34') in 0.003073 seconds
Number of updated asset objects reloaded before import = 0
Number of asset objects unloaded after import = 0
========================================================================
Received Import Request.
  Time since last request: 0.054501 seconds.
  path: Assets/MohammedAlomran/character/uploads_files_3968977_Textures/Textures/Hat_Diffuse.jpg
  artifactKey: Guid(770a877da40f4894d96a75fee66f0ad1) Importer(815301076,1909f56bfc062723c751e8b465ee728b)
Start importing Assets/MohammedAlomran/character/uploads_files_3968977_Textures/Textures/Hat_Diffuse.jpg using Guid(770a877da40f4894d96a75fee66f0ad1) Importer(815301076,1909f56bfc062723c751e8b465ee728b)  -> (artifact id: '6e583f6e249182d9bd93154a71d04203') in 0.231548 seconds
Number of updated asset objects reloaded before import = 0
Number of asset objects unloaded after import = 2
========================================================================
Received Import Request.
  Time since last request: 0.000060 seconds.
  path: Assets/MohammedAlomran/character/uploads_files_3968977_Textures/Textures/RL_Shoes_Normal.jpg
  artifactKey: Guid(bfa03447c7daf1e44a330abc2714065f) Importer(815301076,1909f56bfc062723c751e8b465ee728b)
Start importing Assets/MohammedAlomran/character/uploads_files_3968977_Textures/Textures/RL_Shoes_Normal.jpg using Guid(bfa03447c7daf1e44a330abc2714065f) Importer(815301076,1909f56bfc062723c751e8b465ee728b)  -> (artifact id: 'e9d1cba2c4d6bf31b12fa82475b5a199') in 0.062504 seconds
Number of updated asset objects reloaded before import = 0
Number of asset objects unloaded after import = 2
========================================================================
Received Import Request.
  Time since last request: 0.000297 seconds.
  path: Assets/MohammedAlomran/character/uploads_files_3968977_Textures/Textures/RL_Tongue_Opacity.jpg
  artifactKey: Guid(ce3c971ae59dfe14ebaa1abc907b116f) Importer(815301076,1909f56bfc062723c751e8b465ee728b)
Start importing Assets/MohammedAlomran/character/uploads_files_3968977_Textures/Textures/RL_Tongue_Opacity.jpg using Guid(ce3c971ae59dfe14ebaa1abc907b116f) Importer(815301076,1909f56bfc062723c751e8b465ee728b)  -> (artifact id: '0694ad3921e4beba5a748a3f4cca189f') in 0.052141 seconds
Number of updated asset objects reloaded before import = 0
Number of asset objects unloaded after import = 2
========================================================================
Received Import Request.
  Time since last request: 0.000060 seconds.
  path: Assets/MohammedAlomran/character/uploads_files_3968977_Textures/Textures/RL_Skin_Diffuse.jpg
  artifactKey: Guid(3ba3988d23de0bf4cb1b68ec71ebcc6b) Importer(815301076,1909f56bfc062723c751e8b465ee728b)
Start importing Assets/MohammedAlomran/character/uploads_files_3968977_Textures/Textures/RL_Skin_Diffuse.jpg using Guid(3ba3988d23de0bf4cb1b68ec71ebcc6b) Importer(815301076,1909f56bfc062723c751e8b465ee728b)  -> (artifact id: 'e9129f8f9c71393146ab3046d0eae0d6') in 0.045249 seconds
Number of updated asset objects reloaded before import = 0
Number of asset objects unloaded after import = 2
========================================================================
Received Import Request.
  Time since last request: 0.000123 seconds.
  path: Assets/MohammedAlomran/character/uploads_files_3968977_Textures/Textures/Hate_Diffuse.jpg
  artifactKey: Guid(d4eb52d67544d404da52f61f265f0e1a) Importer(815301076,1909f56bfc062723c751e8b465ee728b)
Start importing Assets/MohammedAlomran/character/uploads_files_3968977_Textures/Textures/Hate_Diffuse.jpg using Guid(d4eb52d67544d404da52f61f265f0e1a) Importer(815301076,1909f56bfc062723c751e8b465ee728b)  -> (artifact id: '575f2683148ab863e730be93f0fe8d67') in 0.036742 seconds
Number of updated asset objects reloaded before import = 0
Number of asset objects unloaded after import = 2
========================================================================
Received Import Request.
  Time since last request: 0.000028 seconds.
  path: Assets/MohammedAlomran/character/uploads_files_3968977_Textures/Textures/Pants_0_Bump.jpg
  artifactKey: Guid(515096401b46c1745978172d913324ef) Importer(815301076,1909f56bfc062723c751e8b465ee728b)
Start importing Assets/MohammedAlomran/character/uploads_files_3968977_Textures/Textures/Pants_0_Bump.jpg using Guid(515096401b46c1745978172d913324ef) Importer(815301076,1909f56bfc062723c751e8b465ee728b)  -> (artifact id: '23cfe22ba1ecc10d8e1c238081600a84') in 0.048304 seconds
Number of updated asset objects reloaded before import = 0
Number of asset objects unloaded after import = 2
========================================================================
Received Import Request.
  Time since last request: 0.000109 seconds.
  path: Assets/MohammedAlomran/character/uploads_files_3968977_Textures/Textures/Shirt_0_Bump.jpg
  artifactKey: Guid(ef9170dd8239f134dbcfe44eba7ce8d3) Importer(815301076,1909f56bfc062723c751e8b465ee728b)
Start importing Assets/MohammedAlomran/character/uploads_files_3968977_Textures/Textures/Shirt_0_Bump.jpg using Guid(ef9170dd8239f134dbcfe44eba7ce8d3) Importer(815301076,1909f56bfc062723c751e8b465ee728b)  -> (artifact id: '561ae83dbdc46ea1b1833354f7790f18') in 0.049409 seconds
Number of updated asset objects reloaded before import = 0
Number of asset objects unloaded after import = 2
========================================================================
Received Import Request.
  Time since last request: 0.000039 seconds.
  path: Assets/MohammedAlomran/character/uploads_files_3968977_Textures/Textures/Hate_Reflection.jpg
  artifactKey: Guid(216f2c360bd773d41b65a04d5f9a9a5c) Importer(815301076,1909f56bfc062723c751e8b465ee728b)
Start importing Assets/MohammedAlomran/character/uploads_files_3968977_Textures/Textures/Hate_Reflection.jpg using Guid(216f2c360bd773d41b65a04d5f9a9a5c) Importer(815301076,1909f56bfc062723c751e8b465ee728b)  -> (artifact id: '687b6a99724657152ccabd57c7cb1d3b') in 0.044826 seconds
Number of updated asset objects reloaded before import = 0
Number of asset objects unloaded after import = 2
========================================================================
Received Import Request.
  Time since last request: 0.000067 seconds.
  path: Assets/MohammedAlomran/character/uploads_files_3968977_Textures/Textures/RL_Skin_Normal_0001.jpg
  artifactKey: Guid(7e62d45bd63316140aad90dabdd60187) Importer(815301076,1909f56bfc062723c751e8b465ee728b)
Start importing Assets/MohammedAlomran/character/uploads_files_3968977_Textures/Textures/RL_Skin_Normal_0001.jpg using Guid(7e62d45bd63316140aad90dabdd60187) Importer(815301076,1909f56bfc062723c751e8b465ee728b)  -> (artifact id: '0d9263818780f0103f47bb060ca9ab93') in 0.046808 seconds
Number of updated asset objects reloaded before import = 0
Number of asset objects unloaded after import = 2
========================================================================
Received Import Request.
  Time since last request: 0.000067 seconds.
  path: Assets/MohammedAlomran/character/uploads_files_3968977_Textures/Textures/RL_Skin_Bump.jpg
  artifactKey: Guid(4637cc67cd76ce54d898f6cac65bcb98) Importer(815301076,1909f56bfc062723c751e8b465ee728b)
Start importing Assets/MohammedAlomran/character/uploads_files_3968977_Textures/Textures/RL_Skin_Bump.jpg using Guid(4637cc67cd76ce54d898f6cac65bcb98) Importer(815301076,1909f56bfc062723c751e8b465ee728b)  -> (artifact id: '94e31094148ca1e48ce0e12c40c3a676') in 0.045640 seconds
Number of updated asset objects reloaded before import = 0
Number of asset objects unloaded after import = 2
========================================================================
Received Import Request.
  Time since last request: 0.000039 seconds.
  path: Assets/MohammedAlomran/character/uploads_files_3968977_Textures/Textures/RL_DownTeeth_Opacity.jpg
  artifactKey: Guid(b9050bc095b2f8346800d65557093174) Importer(815301076,1909f56bfc062723c751e8b465ee728b)
Start importing Assets/MohammedAlomran/character/uploads_files_3968977_Textures/Textures/RL_DownTeeth_Opacity.jpg using Guid(b9050bc095b2f8346800d65557093174) Importer(815301076,1909f56bfc062723c751e8b465ee728b)  -> (artifact id: 'f23cf99e9a8d0d347f1e2bc376ce96d6') in 0.041053 seconds
Number of updated asset objects reloaded before import = 0
Number of asset objects unloaded after import = 2
========================================================================
Received Import Request.
  Time since last request: 0.000030 seconds.
  path: Assets/MohammedAlomran/character/uploads_files_3968977_Textures/Textures/RL_Skin_Diffuse_0001.jpg
  artifactKey: Guid(9acde3a34a386444abc1e9c36a2f9d65) Importer(815301076,1909f56bfc062723c751e8b465ee728b)
Start importing Assets/MohammedAlomran/character/uploads_files_3968977_Textures/Textures/RL_Skin_Diffuse_0001.jpg using Guid(9acde3a34a386444abc1e9c36a2f9d65) Importer(815301076,1909f56bfc062723c751e8b465ee728b)  -> (artifact id: 'd4e949316c2b2aabbba811e270c1cc76') in 0.064495 seconds
Number of updated asset objects reloaded before import = 0
Number of asset objects unloaded after import = 2
========================================================================
Received Import Request.
  Time since last request: 19.652025 seconds.
  path: Assets/MohammedAlomran/character/uploads_files_3968977_Textures/Textures/Hat_Normal.jpg
  artifactKey: Guid(a605a4e82ad90ff46a46f4b8bc3233d9) Importer(815301076,1909f56bfc062723c751e8b465ee728b)
Start importing Assets/MohammedAlomran/character/uploads_files_3968977_Textures/Textures/Hat_Normal.jpg using Guid(a605a4e82ad90ff46a46f4b8bc3233d9) Importer(815301076,1909f56bfc062723c751e8b465ee728b)  -> (artifact id: 'e3f92b59ab40d400d7a9ea2c35d20188') in 0.079354 seconds
Number of updated asset objects reloaded before import = 0
Number of asset objects unloaded after import = 2
========================================================================
Received Import Request.
  Time since last request: 25.585301 seconds.
  path: Assets/MohammedAlomran/character/uploads_files_3968977_Textures/Textures/Pants_0_Bump.jpg
  artifactKey: Guid(515096401b46c1745978172d913324ef) Importer(815301076,1909f56bfc062723c751e8b465ee728b)
Start importing Assets/MohammedAlomran/character/uploads_files_3968977_Textures/Textures/Pants_0_Bump.jpg using Guid(515096401b46c1745978172d913324ef) Importer(815301076,1909f56bfc062723c751e8b465ee728b)  -> (artifact id: '4a3821a4af2a02d1dac1ff5bb49efa0e') in 0.030945 seconds
Number of updated asset objects reloaded before import = 0
Number of asset objects unloaded after import = 2
========================================================================
Received Import Request.
  Time since last request: 50.439773 seconds.
  path: Assets/MohammedAlomran/character/uploads_files_3968977_Textures/Textures/RL_DownTeeth_Opacity.jpg
  artifactKey: Guid(b9050bc095b2f8346800d65557093174) Importer(815301076,1909f56bfc062723c751e8b465ee728b)
Start importing Assets/MohammedAlomran/character/uploads_files_3968977_Textures/Textures/RL_DownTeeth_Opacity.jpg using Guid(b9050bc095b2f8346800d65557093174) Importer(815301076,1909f56bfc062723c751e8b465ee728b)  -> (artifact id: '5175043441973f33ce4c55094d1ea650') in 0.026022 seconds
Number of updated asset objects reloaded before import = 0
Number of asset objects unloaded after import = 2
========================================================================
Received Import Request.
  Time since last request: 138.462222 seconds.
  path: Assets/MohammedAlomran/character/uploads_files_3968977_Textures/Textures/RL_Skin_Normal_0001.jpg
  artifactKey: Guid(7e62d45bd63316140aad90dabdd60187) Importer(815301076,1909f56bfc062723c751e8b465ee728b)
Start importing Assets/MohammedAlomran/character/uploads_files_3968977_Textures/Textures/RL_Skin_Normal_0001.jpg using Guid(7e62d45bd63316140aad90dabdd60187) Importer(815301076,1909f56bfc062723c751e8b465ee728b)  -> (artifact id: 'ca2173eed9dfcbb6934c385e13c93b64') in 0.033209 seconds
Number of updated asset objects reloaded before import = 0
Number of asset objects unloaded after import = 2
========================================================================
Received Import Request.
  Time since last request: 24.689717 seconds.
  path: Assets/MohammedAlomran/character/uploads_files_3968977_Textures/Textures/RL_Skin_Bump.jpg
  artifactKey: Guid(4637cc67cd76ce54d898f6cac65bcb98) Importer(815301076,1909f56bfc062723c751e8b465ee728b)
Start importing Assets/MohammedAlomran/character/uploads_files_3968977_Textures/Textures/RL_Skin_Bump.jpg using Guid(4637cc67cd76ce54d898f6cac65bcb98) Importer(815301076,1909f56bfc062723c751e8b465ee728b)  -> (artifact id: '081f07fff1dda12dc42fcd58f3f8b266') in 0.031444 seconds
Number of updated asset objects reloaded before import = 0
Number of asset objects unloaded after import = 2
========================================================================
Received Import Request.
  Time since last request: 38.692738 seconds.
  path: Assets/MohammedAlomran/character/uploads_files_3968977_Textures/Textures/Shirt_0_Bump.jpg
  artifactKey: Guid(ef9170dd8239f134dbcfe44eba7ce8d3) Importer(815301076,1909f56bfc062723c751e8b465ee728b)
Start importing Assets/MohammedAlomran/character/uploads_files_3968977_Textures/Textures/Shirt_0_Bump.jpg using Guid(ef9170dd8239f134dbcfe44eba7ce8d3) Importer(815301076,1909f56bfc062723c751e8b465ee728b)  -> (artifact id: '4187b8d75066d894ac3d9a10b76c2a71') in 0.029289 seconds
Number of updated asset objects reloaded before import = 0
Number of asset objects unloaded after import = 2
========================================================================
Received Import Request.
  Time since last request: 50.840682 seconds.
  path: Assets/AbdullahAlyahya/Characters/whiteclown_diffuse.png
  artifactKey: Guid(1e02271dbcecd43438d0ffd3ce359993) Importer(815301076,1909f56bfc062723c751e8b465ee728b)
Start importing Assets/AbdullahAlyahya/Characters/whiteclown_diffuse.png using Guid(1e02271dbcecd43438d0ffd3ce359993) Importer(815301076,1909f56bfc062723c751e8b465ee728b)  -> (artifact id: '77a62e3e050281793d6fc42f82a12ff9') in 0.009155 seconds
Number of updated asset objects reloaded before import = 0
Number of asset objects unloaded after import = 0
========================================================================
Received Import Request.
  Time since last request: 0.000061 seconds.
  path: Assets/AbdullahAlyahya/Characters/whiteclown_specular.png
  artifactKey: Guid(3e338f4ef52169f4d95e17343d91e327) Importer(815301076,1909f56bfc062723c751e8b465ee728b)
Start importing Assets/AbdullahAlyahya/Characters/whiteclown_specular.png using Guid(3e338f4ef52169f4d95e17343d91e327) Importer(815301076,1909f56bfc062723c751e8b465ee728b)  -> (artifact id: '6d1f92998fb24862ab73e2368ec60347') in 0.001854 seconds
Number of updated asset objects reloaded before import = 0
Number of asset objects unloaded after import = 0
