Using pre-set license
Built from '2022.3/staging' branch; Version is '2022.3.22f1 (887be4894c44) revision 8944612'; Using compiler version '192829333'; Build Type 'Release'
OS: 'Windows 11  (10.0.22631) 64bit Professional' Language: 'en' Physical Memory: 16300 MB
BatchMode: 1, IsHumanControllingUs: 0, StartBugReporterOnCrash: 0, Is64bit: 1, IsPro: 1

COMMAND LINE ARGUMENTS:
C:\Program Files\Unity\Hub\Editor\2022.3.22f1\Editor\Unity.exe
-adb2
-batchMode
-noUpm
-name
AssetImportWorker2
-projectPath
C:/Users/hiali/Documents/GitHub/Rob-the-Bank
-logFile
Logs/AssetImportWorker2.log
-srvPort
58201
Successfully changed project path to: C:/Users/hiali/Documents/GitHub/Rob-the-Bank
C:/Users/hiali/Documents/GitHub/Rob-the-Bank
[UnityMemory] Configuration Parameters - Can be set up in boot.config
    "memorysetup-bucket-allocator-granularity=16"
    "memorysetup-bucket-allocator-bucket-count=8"
    "memorysetup-bucket-allocator-block-size=33554432"
    "memorysetup-bucket-allocator-block-count=8"
    "memorysetup-main-allocator-block-size=16777216"
    "memorysetup-thread-allocator-block-size=16777216"
    "memorysetup-gfx-main-allocator-block-size=16777216"
    "memorysetup-gfx-thread-allocator-block-size=16777216"
    "memorysetup-cache-allocator-block-size=4194304"
    "memorysetup-typetree-allocator-block-size=2097152"
    "memorysetup-profiler-bucket-allocator-granularity=16"
    "memorysetup-profiler-bucket-allocator-bucket-count=8"
    "memorysetup-profiler-bucket-allocator-block-size=33554432"
    "memorysetup-profiler-bucket-allocator-block-count=8"
    "memorysetup-profiler-allocator-block-size=16777216"
    "memorysetup-profiler-editor-allocator-block-size=1048576"
    "memorysetup-temp-allocator-size-main=16777216"
    "memorysetup-job-temp-allocator-block-size=2097152"
    "memorysetup-job-temp-allocator-block-size-background=1048576"
    "memorysetup-job-temp-allocator-reduction-small-platforms=262144"
    "memorysetup-allocator-temp-initial-block-size-main=262144"
    "memorysetup-allocator-temp-initial-block-size-worker=262144"
    "memorysetup-temp-allocator-size-background-worker=32768"
    "memorysetup-temp-allocator-size-job-worker=262144"
    "memorysetup-temp-allocator-size-preload-manager=33554432"
    "memorysetup-temp-allocator-size-nav-mesh-worker=65536"
    "memorysetup-temp-allocator-size-audio-worker=65536"
    "memorysetup-temp-allocator-size-cloud-worker=32768"
    "memorysetup-temp-allocator-size-gi-baking-worker=262144"
    "memorysetup-temp-allocator-size-gfx=262144"
Player connection [11880] Host "[IP] 192.168.25.120 [Port] 0 [Flags] 2 [Guid] 563330797 [EditorId] 563330797 [Version] 1048832 [Id] WindowsEditor(7,Ali) [Debug] 1 [PackageName] WindowsEditor [ProjectName] Editor" joined multi-casting on [225.0.0.222:54997]...

Player connection [11880] Host "[IP] 192.168.25.120 [Port] 0 [Flags] 2 [Guid] 563330797 [EditorId] 563330797 [Version] 1048832 [Id] WindowsEditor(7,Ali) [Debug] 1 [PackageName] WindowsEditor [ProjectName] Editor" joined alternative multi-casting on [225.0.0.222:34997]...

[Physics::Module] Initialized MultithreadedJobDispatcher with 7 workers.
Refreshing native plugins compatible for Editor in 47.35 ms, found 3 plugins.
Preloading 0 native plugins for Editor in 0.00 ms.
Initialize engine version: 2022.3.22f1 (887be4894c44)
[Subsystems] Discovering subsystems at path C:/Program Files/Unity/Hub/Editor/2022.3.22f1/Editor/Data/Resources/UnitySubsystems
[Subsystems] Discovering subsystems at path C:/Users/hiali/Documents/GitHub/Rob-the-Bank/Assets
GfxDevice: creating device client; threaded=0; jobified=0
Direct3D:
    Version:  Direct3D 11.0 [level 11.1]
    Renderer: Intel(R) UHD Graphics 620 (ID=0x5917)
    Vendor:   Intel
    VRAM:     8150 MB
    Driver:   27.20.100.8681
Initialize mono
Mono path[0] = 'C:/Program Files/Unity/Hub/Editor/2022.3.22f1/Editor/Data/Managed'
Mono path[1] = 'C:/Program Files/Unity/Hub/Editor/2022.3.22f1/Editor/Data/MonoBleedingEdge/lib/mono/unityjit-win32'
Mono config path = 'C:/Program Files/Unity/Hub/Editor/2022.3.22f1/Editor/Data/MonoBleedingEdge/etc'
Using monoOptions --debugger-agent=transport=dt_socket,embedding=1,server=y,suspend=n,address=127.0.0.1:56516
Begin MonoManager ReloadAssembly
Registering precompiled unity dll's ...
Register platform support module: C:/Program Files/Unity/Hub/Editor/2022.3.22f1/Editor/Data/PlaybackEngines/WebGLSupport/UnityEditor.WebGL.Extensions.dll
Register platform support module: C:/Program Files/Unity/Hub/Editor/2022.3.22f1/Editor/Data/PlaybackEngines/WindowsStandaloneSupport/UnityEditor.WindowsStandalone.Extensions.dll
Register platform support module: C:/Program Files/Unity/Hub/Editor/2022.3.22f1/Editor/Data/PlaybackEngines/MetroSupport/UnityEditor.UWP.Extensions.dll
Registered in 0.075560 seconds.
- Loaded All Assemblies, in  3.627 seconds
Native extension for UWP target not found
Native extension for WindowsStandalone target not found
Native extension for WebGL target not found
Mono: successfully reloaded assembly
- Finished resetting the current domain, in  2.709 seconds
Domain Reload Profiling: 6329ms
	BeginReloadAssembly (1217ms)
		ExecutionOrderSort (0ms)
		DisableScriptedObjects (0ms)
		BackupInstance (0ms)
		ReleaseScriptingObjects (0ms)
		CreateAndSetChildDomain (10ms)
	RebuildCommonClasses (376ms)
	RebuildNativeTypeToScriptingClass (93ms)
	initialDomainReloadingComplete (455ms)
	LoadAllAssembliesAndSetupDomain (1473ms)
		LoadAssemblies (1199ms)
		RebuildTransferFunctionScriptingTraits (0ms)
		AnalyzeDomain (1453ms)
			TypeCache.Refresh (1443ms)
				TypeCache.ScanAssembly (1311ms)
			ScanForSourceGeneratedMonoScriptInfo (3ms)
			ResolveRequiredComponents (3ms)
	FinalizeReload (2715ms)
		ReleaseScriptCaches (0ms)
		RebuildScriptCaches (0ms)
		SetupLoadedEditorAssemblies (2034ms)
			LogAssemblyErrors (0ms)
			InitializePlatformSupportModulesInManaged (126ms)
			SetLoadedEditorAssemblies (56ms)
			RefreshPlugins (0ms)
			BeforeProcessingInitializeOnLoad (20ms)
			ProcessInitializeOnLoadAttributes (1277ms)
			ProcessInitializeOnLoadMethodAttributes (555ms)
			AfterProcessingInitializeOnLoad (0ms)
			EditorAssembliesLoaded (1ms)
		ExecutionOrderSort2 (0ms)
		AwakeInstancesAfterBackupRestoration (0ms)
========================================================================
Worker process is ready to serve import requests
Begin MonoManager ReloadAssembly
- Loaded All Assemblies, in  8.375 seconds
Refreshing native plugins compatible for Editor in 41.48 ms, found 3 plugins.
Native extension for UWP target not found
Native extension for WindowsStandalone target not found
Native extension for WebGL target not found
Package Manager log level set to [2]
[Package Manager] Server::EnsureServerProcessIsRunning -- launch failed, reason: Unity was launched with the -noUpm command-line argument
[Package Manager] UpmClient::Send -- Unable to send message (not connected to UPM process).
[Package Manager] Cannot connect to Unity Package Manager local server
Mono: successfully reloaded assembly
- Finished resetting the current domain, in  7.205 seconds
Domain Reload Profiling: 15555ms
	BeginReloadAssembly (1501ms)
		ExecutionOrderSort (0ms)
		DisableScriptedObjects (69ms)
		BackupInstance (0ms)
		ReleaseScriptingObjects (1ms)
		CreateAndSetChildDomain (219ms)
	RebuildCommonClasses (433ms)
	RebuildNativeTypeToScriptingClass (151ms)
	initialDomainReloadingComplete (469ms)
	LoadAllAssembliesAndSetupDomain (5791ms)
		LoadAssemblies (4238ms)
		RebuildTransferFunctionScriptingTraits (0ms)
		AnalyzeDomain (2370ms)
			TypeCache.Refresh (2061ms)
				TypeCache.ScanAssembly (1891ms)
			ScanForSourceGeneratedMonoScriptInfo (202ms)
			ResolveRequiredComponents (97ms)
	FinalizeReload (7210ms)
		ReleaseScriptCaches (0ms)
		RebuildScriptCaches (0ms)
		SetupLoadedEditorAssemblies (4982ms)
			LogAssemblyErrors (0ms)
			InitializePlatformSupportModulesInManaged (111ms)
			SetLoadedEditorAssemblies (115ms)
			RefreshPlugins (0ms)
			BeforeProcessingInitializeOnLoad (957ms)
			ProcessInitializeOnLoadAttributes (3529ms)
			ProcessInitializeOnLoadMethodAttributes (214ms)
			AfterProcessingInitializeOnLoad (54ms)
			EditorAssembliesLoaded (1ms)
		ExecutionOrderSort2 (0ms)
		AwakeInstancesAfterBackupRestoration (45ms)
Launched and connected shader compiler UnityShaderCompiler.exe after 0.36 seconds
Refreshing native plugins compatible for Editor in 28.24 ms, found 3 plugins.
Preloading 0 native plugins for Editor in 0.00 ms.
Unloading 3094 Unused Serialized files (Serialized files now loaded: 0)
Unloading 32 unused Assets / (57.3 KB). Loaded Objects now: 3555.
Memory consumption went from 121.4 MB to 121.3 MB.
Total: 19.039200 ms (FindLiveObjects: 0.780300 ms CreateObjectMapping: 0.617800 ms MarkObjects: 17.173000 ms  DeleteObjects: 0.463400 ms)

AssetImportParameters requested are different than current active one (requested -> active):
  custom:container-demuxer-ogg: 62fdf1f143b41e24485cea50d1cbac27 -> 
  custom:video-codec-MediaFoundation-h265: 746d11721c4dcdbdad8f713fa42b33f4 -> 
  custom:video-decoder-ogg-theora: a1e56fd34408186e4bbccfd4996cb3dc -> 
  custom:framework-win-MediaFoundation: 216162199b28c13a410421893ffa2e32 -> 
  custom:CustomObjectIndexerAttribute: 9a22284fe3817be447336de3de66b15e -> 
  custom:container-demuxer-webm: 4f35f7cbe854078d1ac9338744f61a02 -> 
  custom:container-muxer-webm: aa71ff27fc2769a1b78a27578f13a17b -> 
  custom:video-decoder-webm-vp8: 9c59270c3fd7afecdb556c50c9e8de78 -> 
  custom:SearchIndexIgnoredProperties: e643bd26f0fe6173181afceb89e7c659 -> 
  custom:AudioImporter_EditorPlatform: d09bf68614088b80899f8185d706f6e7 -> 
  custom:video-encoder-webm-vp8: eb34c28f22e8b96e1ab97ce403110664 -> 
  custom:audio-decoder-ogg-vorbis: bf7c407c2cedff20999df2af8eb42d56 -> 
  custom:audio-encoder-webm-vorbis: bf7c407c2cedff20999df2af8eb42d56 -> 
========================================================================
Received Import Request.
  Time since last request: 195244.111577 seconds.
  path: Assets/MohammedAlomran/character/character/Abood/MAN 1/MAN_1_Packed0_Diffuse.png
  artifactKey: Guid(129b07600016f6d4b8ab2a3a14ace208) Importer(815301076,1909f56bfc062723c751e8b465ee728b)
Start importing Assets/MohammedAlomran/character/character/Abood/MAN 1/MAN_1_Packed0_Diffuse.png using Guid(129b07600016f6d4b8ab2a3a14ace208) Importer(815301076,1909f56bfc062723c751e8b465ee728b)  -> (artifact id: '6c813152f161efdaea5aaa64920a48fc') in 0.574644 seconds
Number of updated asset objects reloaded before import = 0
Number of asset objects unloaded after import = 2
========================================================================
Received Import Request.
  Time since last request: 0.000093 seconds.
  path: Assets/MohammedAlomran/character/character/Abood/MAN 1/MAN_1_Packed0_Normal.png
  artifactKey: Guid(0e7bda5b07419cf4ba6bfb0e1dc17229) Importer(815301076,1909f56bfc062723c751e8b465ee728b)
Start importing Assets/MohammedAlomran/character/character/Abood/MAN 1/MAN_1_Packed0_Normal.png using Guid(0e7bda5b07419cf4ba6bfb0e1dc17229) Importer(815301076,1909f56bfc062723c751e8b465ee728b)  -> (artifact id: '832a36f51af4ea9534f0e669f8694661') in 0.383661 seconds
Number of updated asset objects reloaded before import = 0
Number of asset objects unloaded after import = 2
========================================================================
Received Import Request.
  Time since last request: 0.000141 seconds.
  path: Assets/MohammedAlomran/character/character/Abood/MAN 1/MAN_1.fbx
  artifactKey: Guid(1e9299df7c260a74999bf8da613af8ca) Importer(815301076,1909f56bfc062723c751e8b465ee728b)
Start importing Assets/MohammedAlomran/character/character/Abood/MAN 1/MAN_1.fbx using Guid(1e9299df7c260a74999bf8da613af8ca) Importer(815301076,1909f56bfc062723c751e8b465ee728b)  -> (artifact id: '240d1bb61799b155948d855c076fec3c') in 1.055020 seconds
Number of updated asset objects reloaded before import = 0
Number of asset objects unloaded after import = 95
========================================================================
Received Import Request.
  Time since last request: 606.218221 seconds.
  path: Assets/MohammedAlomran/character/Abood.prefab
  artifactKey: Guid(b6d3fd8979fbac14ca1a89f55b2c6891) Importer(815301076,1909f56bfc062723c751e8b465ee728b)
Start importing Assets/MohammedAlomran/character/Abood.prefab using Guid(b6d3fd8979fbac14ca1a89f55b2c6891) Importer(815301076,1909f56bfc062723c751e8b465ee728b)  -> (artifact id: '6de262858fa75d231e2d7d6bdf31ad37') in 0.005347 seconds
Number of updated asset objects reloaded before import = 0
Number of asset objects unloaded after import = 4
========================================================================
Received Import Request.
  Time since last request: 3.441951 seconds.
  path: Assets/MohammedAlomran/character/Abood.prefab
  artifactKey: Guid(b6d3fd8979fbac14ca1a89f55b2c6891) Importer(815301076,1909f56bfc062723c751e8b465ee728b)
Start importing Assets/MohammedAlomran/character/Abood.prefab using Guid(b6d3fd8979fbac14ca1a89f55b2c6891) Importer(815301076,1909f56bfc062723c751e8b465ee728b)  -> (artifact id: '6df4f870e6b2800343fe1506780668fe') in 0.169332 seconds
Number of updated asset objects reloaded before import = 0
Number of asset objects unloaded after import = 186
========================================================================
Received Import Request.
  Time since last request: 3.442598 seconds.
  path: Assets/MohammedAlomran/character/character/Fbx/AbdulMalik.prefab
  artifactKey: Guid(1a78a08b2afbc224bb4e9129e7bf5bcb) Importer(815301076,1909f56bfc062723c751e8b465ee728b)
Start importing Assets/MohammedAlomran/character/character/Fbx/AbdulMalik.prefab using Guid(1a78a08b2afbc224bb4e9129e7bf5bcb) Importer(815301076,1909f56bfc062723c751e8b465ee728b)  -> (artifact id: '569502afc8bf4ba03bb027bafe417af1') in 0.426709 seconds
Number of updated asset objects reloaded before import = 0
Number of asset objects unloaded after import = 996
========================================================================
Received Import Request.
  Time since last request: 0.000046 seconds.
  path: Assets/MohammedAlomran/character/character/Fbx/Benjamin 7 police (Embed textures).fbx
  artifactKey: Guid(e4aed0a1b7fce6c4cac3bdcbff08b020) Importer(815301076,1909f56bfc062723c751e8b465ee728b)
Start importing Assets/MohammedAlomran/character/character/Fbx/Benjamin 7 police (Embed textures).fbx using Guid(e4aed0a1b7fce6c4cac3bdcbff08b020) Importer(815301076,1909f56bfc062723c751e8b465ee728b)  -> (artifact id: 'ffe9dfc25247bfe3803bd3bf36d03aab') in 1.350899 seconds
Number of updated asset objects reloaded before import = 0
Number of asset objects unloaded after import = 511
========================================================================
Received Import Request.
  Time since last request: 23.762211 seconds.
  path: Assets/MohammedAlomran/character/Officer.prefab
  artifactKey: Guid(f1d433d72683410468393f9172b9a5d4) Importer(815301076,1909f56bfc062723c751e8b465ee728b)
Start importing Assets/MohammedAlomran/character/Officer.prefab using Guid(f1d433d72683410468393f9172b9a5d4) Importer(815301076,1909f56bfc062723c751e8b465ee728b)  -> (artifact id: '2961bd86411a3c3407f7e4dcac9b0d0f') in 0.005542 seconds
Number of updated asset objects reloaded before import = 0
Number of asset objects unloaded after import = 4
========================================================================
Received Import Request.
  Time since last request: 6.338669 seconds.
  path: Assets/MohammedAlomran/character/Officer.prefab
  artifactKey: Guid(f1d433d72683410468393f9172b9a5d4) Importer(815301076,1909f56bfc062723c751e8b465ee728b)
Start importing Assets/MohammedAlomran/character/Officer.prefab using Guid(f1d433d72683410468393f9172b9a5d4) Importer(815301076,1909f56bfc062723c751e8b465ee728b)  -> (artifact id: '92f78368af1c3ecd057dca5270c1203d') in 0.120136 seconds
Number of updated asset objects reloaded before import = 0
Number of asset objects unloaded after import = 996
